[2026-02-21 13:34:25] [BATCH_ENC] Latency: 0.329 ms (Item #1: {"username": "testuser", "password": "password123", "device_id": "d8a928b2-92b2-4d29-9b29-2b29d8a928b2"})
[2026-02-21 13:34:25] [BATCH_DEC] Latency: 0.275 ms (Item #1)
[2026-02-21 13:34:25] [BATCH_ENC] Latency: 0.208 ms (Item #2: {"username": "barunugraha", "nama_lengkap": "Baru Nugraha", "password": "rahasia", "nip_nisn": "12345678", "role": "user", "status": "Karyawan"})
[2026-02-21 13:34:25] [BATCH_DEC] Latency: 0.178 ms (Item #2)
[2026-02-21 13:34:25] [BATCH_ENC] Latency: 0.205 ms (Item #3: {"id": "42", "reset_device": true})
[2026-02-21 13:34:25] [BATCH_DEC] Latency: 0.159 ms (Item #3)
[2026-02-21 13:34:25] [BATCH_ENC] Latency: 0.177 ms (Item #4: {"userId": "101", "jenis": "Masuk", "keterangan": "Tepat Waktu", "informasi": "WFO", "dokumenBase64": "(base64_dokumen_dummy)", "latitude": "-7.79558", "longitude": "110.36949", "base64Image": "(base64_image_dummy_data_panjang_sekali_untuk_test_latency_lebih_berat)"})
[2026-02-21 13:34:25] [BATCH_DEC] Latency: 0.135 ms (Item #4)
[2026-02-21 13:34:25] [BATCH_ENC] Latency: 0.142 ms (Item #5: {"id": "505", "status": "Hadir"})
[2026-02-21 13:34:25] [BATCH_DEC] Latency: 0.084 ms (Item #5)
[2026-02-21 13:34:25] [BATCH_ENC] Latency: 0.169 ms (Item #6: {"id": "99"})
[2026-02-21 13:34:25] [BATCH_DEC] Latency: 0.061 ms (Item #6)
[2026-02-21 13:34:25] [BATCH_ENC] Latency: 0.162 ms (Item #7: {"id": "7", "username": "admin_edit", "nama_lengkap": "Admin Sistem", "role": "admin"})
[2026-02-21 13:34:25] [BATCH_DEC] Latency: 0.111 ms (Item #7)
[2026-02-21 13:34:25] [BATCH_AVG_ENC] Latency: 0.199 ms (7 items)
[2026-02-21 13:34:25] [BATCH_AVG_DEC] Latency: 0.143 ms (7 items)
[2026-02-21 13:34:25] [JSON_ENCRYPT] Latency: 18.400 ms (data.json full file (847 bytes))
[2026-02-21 13:34:25] [JSON_DECRYPT] Latency: 3.142 ms (data.json full file)
[2026-02-21 13:38:52] [JSON_ENCRYPT] Latency: 16.988 ms (data.json full file (128 bytes))
[2026-02-21 13:38:52] [JSON_DECRYPT] Latency: 3.289 ms (data.json full file)
